<?xml version="1.0" encoding="UTF-8"?>
<testng-results ignored="0" total="6" passed="6" failed="0" skipped="0">
  <reporter-output>
  </reporter-output>
  <suite started-at="2023-07-06T12:41:45 IST" name="Default suite" finished-at="2023-07-06T12:43:15 IST" duration-ms="90462">
    <groups>
    </groups>
    <test started-at="2023-07-06T12:41:45 IST" name="Default test-2" finished-at="2023-07-06T12:42:53 IST" duration-ms="68154">
      <class name="com.browserstack.FirstTest">
        <test-method is-config="true" signature="setUp()[pri:0, instance:com.browserstack.FirstTest@4d654825]" started-at="2023-07-06T12:41:45 IST" name="setUp" finished-at="2023-07-06T12:42:03 IST" duration-ms="18467" status="PASS">
          <reporter-output>
          </reporter-output>
        </test-method> <!-- setUp -->
        <test-method signature="test1()[pri:0, instance:com.browserstack.FirstTest@4d654825]" started-at="2023-07-06T12:42:03 IST" name="test1" finished-at="2023-07-06T12:42:21 IST" duration-ms="17941" status="PASS">
          <reporter-output>
          </reporter-output>
        </test-method> <!-- test1 -->
        <test-method is-config="true" signature="tearDown()[pri:0, instance:com.browserstack.FirstTest@4d654825]" started-at="2023-07-06T12:42:21 IST" name="tearDown" finished-at="2023-07-06T12:42:23 IST" duration-ms="1722" status="PASS">
          <reporter-output>
          </reporter-output>
        </test-method> <!-- tearDown -->
        <test-method is-config="true" signature="setUp()[pri:0, instance:com.browserstack.FirstTest@4d654825]" started-at="2023-07-06T12:42:23 IST" name="setUp" finished-at="2023-07-06T12:42:45 IST" duration-ms="22154" status="PASS">
          <reporter-output>
          </reporter-output>
        </test-method> <!-- setUp -->
        <test-method signature="test2()[pri:0, instance:com.browserstack.FirstTest@4d654825]" started-at="2023-07-06T12:42:45 IST" name="test2" finished-at="2023-07-06T12:42:51 IST" duration-ms="5857" status="PASS">
          <reporter-output>
          </reporter-output>
        </test-method> <!-- test2 -->
        <test-method is-config="true" signature="tearDown()[pri:0, instance:com.browserstack.FirstTest@4d654825]" started-at="2023-07-06T12:42:51 IST" name="tearDown" finished-at="2023-07-06T12:42:53 IST" duration-ms="1625" status="PASS">
          <reporter-output>
          </reporter-output>
        </test-method> <!-- tearDown -->
      </class> <!-- com.browserstack.FirstTest -->
    </test> <!-- Default test-2 -->
    <test started-at="2023-07-06T12:41:45 IST" name="Default test-0" finished-at="2023-07-06T12:43:13 IST" duration-ms="88801">
      <class name="com.browserstack.FirstTest">
        <test-method is-config="true" signature="setUp()[pri:0, instance:com.browserstack.FirstTest@3d278b4d]" started-at="2023-07-06T12:41:45 IST" name="setUp" finished-at="2023-07-06T12:42:05 IST" duration-ms="19804" status="PASS">
          <reporter-output>
          </reporter-output>
        </test-method> <!-- setUp -->
        <test-method signature="test1()[pri:0, instance:com.browserstack.FirstTest@3d278b4d]" started-at="2023-07-06T12:42:05 IST" name="test1" finished-at="2023-07-06T12:42:24 IST" duration-ms="19433" status="PASS">
          <reporter-output>
          </reporter-output>
        </test-method> <!-- test1 -->
        <test-method is-config="true" signature="tearDown()[pri:0, instance:com.browserstack.FirstTest@3d278b4d]" started-at="2023-07-06T12:42:24 IST" name="tearDown" finished-at="2023-07-06T12:42:26 IST" duration-ms="2178" status="PASS">
          <reporter-output>
          </reporter-output>
        </test-method> <!-- tearDown -->
        <test-method is-config="true" signature="setUp()[pri:0, instance:com.browserstack.FirstTest@3d278b4d]" started-at="2023-07-06T12:42:26 IST" name="setUp" finished-at="2023-07-06T12:42:58 IST" duration-ms="31320" status="PASS">
          <reporter-output>
          </reporter-output>
        </test-method> <!-- setUp -->
        <test-method signature="test2()[pri:0, instance:com.browserstack.FirstTest@3d278b4d]" started-at="2023-07-06T12:42:58 IST" name="test2" finished-at="2023-07-06T12:43:11 IST" duration-ms="13146" status="PASS">
          <reporter-output>
          </reporter-output>
        </test-method> <!-- test2 -->
        <test-method is-config="true" signature="tearDown()[pri:0, instance:com.browserstack.FirstTest@3d278b4d]" started-at="2023-07-06T12:43:11 IST" name="tearDown" finished-at="2023-07-06T12:43:13 IST" duration-ms="2628" status="PASS">
          <reporter-output>
          </reporter-output>
        </test-method> <!-- tearDown -->
      </class> <!-- com.browserstack.FirstTest -->
    </test> <!-- Default test-0 -->
    <test started-at="2023-07-06T12:41:45 IST" name="Default test-1" finished-at="2023-07-06T12:43:15 IST" duration-ms="90462">
      <class name="com.browserstack.FirstTest">
        <test-method is-config="true" signature="setUp()[pri:0, instance:com.browserstack.FirstTest@78525ef9]" started-at="2023-07-06T12:41:45 IST" name="setUp" finished-at="2023-07-06T12:42:03 IST" duration-ms="18398" status="PASS">
          <reporter-output>
          </reporter-output>
        </test-method> <!-- setUp -->
        <test-method signature="test1()[pri:0, instance:com.browserstack.FirstTest@78525ef9]" started-at="2023-07-06T12:42:03 IST" name="test1" finished-at="2023-07-06T12:42:29 IST" duration-ms="25450" status="PASS">
          <reporter-output>
          </reporter-output>
        </test-method> <!-- test1 -->
        <test-method is-config="true" signature="tearDown()[pri:0, instance:com.browserstack.FirstTest@78525ef9]" started-at="2023-07-06T12:42:29 IST" name="tearDown" finished-at="2023-07-06T12:42:30 IST" duration-ms="1753" status="PASS">
          <reporter-output>
          </reporter-output>
        </test-method> <!-- tearDown -->
        <test-method is-config="true" signature="setUp()[pri:0, instance:com.browserstack.FirstTest@78525ef9]" started-at="2023-07-06T12:42:30 IST" name="setUp" finished-at="2023-07-06T12:43:02 IST" duration-ms="31636" status="PASS">
          <reporter-output>
          </reporter-output>
        </test-method> <!-- setUp -->
        <test-method signature="test2()[pri:0, instance:com.browserstack.FirstTest@78525ef9]" started-at="2023-07-06T12:43:02 IST" name="test2" finished-at="2023-07-06T12:43:13 IST" duration-ms="11211" status="PASS">
          <reporter-output>
          </reporter-output>
        </test-method> <!-- test2 -->
        <test-method is-config="true" signature="tearDown()[pri:0, instance:com.browserstack.FirstTest@78525ef9]" started-at="2023-07-06T12:43:13 IST" name="tearDown" finished-at="2023-07-06T12:43:15 IST" duration-ms="1688" status="PASS">
          <reporter-output>
          </reporter-output>
        </test-method> <!-- tearDown -->
      </class> <!-- com.browserstack.FirstTest -->
    </test> <!-- Default test-1 -->
  </suite> <!-- Default suite -->
</testng-results>
